0:100  0:100  MemLog inited, TSC freq: 2808409460
0:100  0:000  CPU was calibrated with RTC
0:100  0:000  
0:100  0:000  Now is 16.10.2019,  10:47:57 (GMT)
0:100  0:000  Starting Clover revision: 5070 on American Megatrends EFI
0:100  0:000  Build with: [Args: -D NO_GRUB_DRIVERS_EMBEDDED | -D NO_GRUB_DRIVERS_EMBEDDED -D USE_LOW_EBDA -a X64 -b RELEASE -t XCODE8 -n 5 | OS: 10.14.6 | XCODE: 10.3]
0:100  0:000  SelfDevicePath=PciRoot(0x0)\Pci(0x1,0x0)\Pci(0x0,0x0)\NVMe(0x1,1E-8F-B3-81-5B-38-25-00)\HD(1,GPT,582E85CA-71D6-4F76-B134-D4602EA23687,0x28,0x64000) @79AEDF98
0:100  0:000  SelfDirPath = \EFI\BOOT
0:100  0:000  SimpleTextEx Status=Success
0:100  0:000  === [ Get Smbios ] ========================================
0:100  0:000  Type 16 Index = 0
0:100  0:000  Total Memory Slots Count = 2
0:100  0:000  Type 17 Index = 0
0:100  0:000  SmbiosTable.Type17->Speed = 2667MHz
0:100  0:000  SmbiosTable.Type17->Size = 8192MB
0:100  0:000  SmbiosTable.Type17->Bank/Device = BANK 0 ChannelA-DIMM0
0:100  0:000  SmbiosTable.Type17->Vendor = 04EF
0:100  0:000  SmbiosTable.Type17->SerialNumber = 0104332E
0:100  0:000  SmbiosTable.Type17->PartNumber = TEAMGROUP-SD4-2666  
0:100  0:000  Type 17 Index = 1
0:100  0:000  SmbiosTable.Type17->Speed = 2667MHz
0:100  0:000  SmbiosTable.Type17->Size = 8192MB
0:100  0:000  SmbiosTable.Type17->Bank/Device = BANK 2 ChannelB-DIMM0
0:100  0:000  SmbiosTable.Type17->Vendor = 04EF
0:100  0:000  SmbiosTable.Type17->SerialNumber = 0104911B
0:100  0:000  SmbiosTable.Type17->PartNumber = TEAMGROUP-SD4-2666  
0:100  0:000  Boot status=0
0:100  0:000  Running on: 'To Be Filled By O.E.M.' with board 'H310M-STX_COM'
0:100  0:000  === [ GetCPUProperties ] ==================================
0:100  0:000  CPU Vendor = 756E6547 Model=906EA
0:100  0:000   The CPU supported SSE4.1
0:100  0:000  BrandString = Intel(R) Core(TM) i5-8400 CPU @ 2.80GHz
0:100  0:000   The CPU supported turbo
0:100  0:000  MSR 0x35               60006
0:100  0:000   TSC/CCC Information Leaf:
0:100  0:000    numerator     : 234
0:100  0:000    denominator   : 2
0:100  0:000   Calibrated ARTFrequency: 24003499
0:100  0:000   Rounded ARTFrequency: 24100000
0:100  0:000  MSR 0xE2 before patch 00000000
0:100  0:000  MSR 0xCE              00080838_F1011C00
0:100  0:000  corrected FLEX_RATIO = 0
0:100  0:000  MSR 0x1B0             00000000
0:100  0:000  FSBFrequency = 100 MHz, DMI FSBFrequency = 100 MHz, Corrected FSBFrequency = 100 MHz
0:100  0:000  MaxDiv/MinDiv: 28.0/8
0:100  0:000  Turbo: 39/39/39/40
0:100  0:000  Features: 0xBFEBFBFF
0:100  0:000  Threads: 6
0:100  0:000  Cores: 6
0:100  0:000  FSB: 100 MHz
0:100  0:000  CPU: 2800 MHz
0:100  0:000  TSC: 2800 MHz
0:100  0:000  PIS: 100 MHz
0:100  0:000  ExternalClock: 25 MHz
0:100  0:000  === [ GetDevices ] ========================================
0:100  0:000  GOP found at: PciRoot(0x0)/Pci(0x2,0x0)/AcpiAdr(0x80010100)
0:100  0:000  PCI (00|00:00.00) : 8086 3EC2 class=060000
0:100  0:000  PCI (00|00:01.00) : 8086 1901 class=060400
0:100  0:000  PCI (00|01:00.00) : 144D A808 class=010802
0:100  0:000  PCI (00|00:02.00) : 8086 3E92 class=030000
0:100  0:000   - GOP: Provided by device
0:100  0:000   - GFX: Model=Intel UHD Graphics 630 (Intel)
0:100  0:000  PCI (00|00:12.00) : 8086 A379 class=118000
0:100  0:000  PCI (00|00:14.00) : 8086 A36D class=0C0330
0:100  0:000  PCI (00|00:14.02) : 8086 A36F class=050000
0:100  0:000  PCI (00|00:14.05) : 8086 A375 class=080501
0:101  0:000  PCI (00|00:16.00) : 8086 A360 class=078000
0:101  0:000  PCI (00|00:17.00) : 8086 A352 class=010601
0:101  0:000  PCI (00|00:1C.00) : 8086 A33E class=060400
0:101  0:000  PCI (00|02:00.00) : 14E4 43A3 class=028000
0:101  0:000   - WIFI: Vendor=Broadcom
0:101  0:000  PCI (00|00:1F.00) : 8086 A303 class=060100
0:101  0:000  PCI (00|00:1F.03) : 8086 A348 class=040300
0:101  0:000  PCI (00|00:1F.04) : 8086 A323 class=0C0500
0:101  0:000  PCI (00|00:1F.05) : 8086 A324 class=0C8000
0:101  0:000  PCI (00|00:1F.06) : 8086 15BC class=020000
0:101  0:000   - LAN: 0 Vendor=Intel
0:101  0:000  === [ GetDefaultSettings ] ================================
0:101  0:000  Clover load options size = 0 bytes
0:103  0:001  EFI\CLOVER\config.plist loaded: Success
0:103  0:000  === [ GetListOfThemes ] ===================================
0:103  0:000  - [00]: random
0:104  0:000  - [00]: Catalina
0:104  0:000  === [ Found config plists ] ===============================
0:105  0:000  - config.plist
0:105  0:000  === [ GetEarlyUserSettings ] ==============================
0:105  0:000  timeout set to 5
0:105  0:000  Custom boot CUSTOM_BOOT_DISABLED (0x0)
0:105  0:000  Default theme: Catalina
0:105  0:000  Hiding entries with string Preboot
0:105  0:000  Hiding entries with string Recovery
0:105  0:000  === [ LoadDrivers ] =======================================
0:106  0:000  Loading HFSPlus.efi  status=Success
0:107  0:000   - driver needs connecting
0:107  0:000  Loading OsxAptioFix3Drv.efi  status=Success
0:108  0:000  Loading VirtualSmc.efi  status=Success
0:110  0:001  Loading EmuVariableUefi.efi  status=Success
0:110  0:000  EmuVariableUefi Initialize: VariableCommonInitialize = Success, orig services stored, install gEmuVariableControlProtocolGuid = Success
0:110  0:000  Loading ApfsDriverLoader.efi  status=Success
0:111  0:000   - driver needs connecting
0:111  0:000  2 drivers needs connecting ...
0:111  0:000  PlatformDriverOverrideProtocol->GetDriver overriden
0:111  0:000  HFS+ driver loaded
0:111  0:000  APFS driver loaded
0:111  0:000  Searching for invalid DiskIo BY_DRIVER connects: not found, all ok
0:304  0:192  EmuVariable InstallEmulation: orig vars copied, emu.var.services installed, CreateEvent VirtualAddressChange = Success, CreateEvent ExitBootServices = Success, set Status=Success
0:336  0:031  === [ InitScreen ] ========================================
0:336  0:000  Console modes reported: 4, available modes:
0:336  0:000   - [01]: 80x25 (current mode)
0:336  0:000   - [02]: 128x40
0:336  0:000   - [03]: 100x31
0:336  0:000   - [04]: 240x56
0:336  0:000  SetScreenResolution: 1920x1080 - already set
0:336  0:000  reinit: self device path=PciRoot(0x0)\Pci(0x1,0x0)\Pci(0x0,0x0)\NVMe(0x1,1E-8F-B3-81-5B-38-25-00)\HD(1,GPT,582E85CA-71D6-4F76-B134-D4602EA23687,0x28,0x64000)
0:336  0:000  === [ GetMacAddress ] =====================================
0:336  0:000  === [ ScanSPD ] ===========================================
0:336  0:000  Scanning SMBus [8086:A323], mmio: 0xA1738004, ioport: 0xEFA0, hostc: 0x1
0:356  0:019  Slot: 0 Type 26 8192MB 2666MHz Vendor=Team Group PartNo=TEAMGROUP-SD4-2666 SerialNo=000100040303020E
0:375  0:019  Slot: 2 Type 26 8192MB 2666MHz Vendor=Team Group PartNo=TEAMGROUP-SD4-2666 SerialNo=000100040901010B
0:376  0:001  === [ GetAcpiTablesList ] =================================
0:376  0:000  Get Acpi Tables List from RSDT:
0:376  0:000   - [00]: FACP  A M I  len=132
0:376  0:000   - [01]: APIC  A M I  len=160
0:376  0:000   - [02]: FPDT  A M I  len=68
0:376  0:000   - [03]: FIDT  A M I len=156
0:376  0:000   - [04]: MCFG  A M I  len=60
0:376  0:000   - [05]: SSDT  SataTabl len=888
0:376  0:000   - [06]: SSDT  CpuSsdt len=6091
0:376  0:000   - [07]: AAFT  OEMAAFT  len=573
0:376  0:000   - [08]: SSDT  SaSsdt  len=12743
0:376  0:000   - [09]: SSDT  PegSsdt len=8040
0:376  0:000   - [10]: HPET  A M I  len=56
0:376  0:000   - [11]: SSDT  xh_cfsd4 len=10573
0:376  0:000   - [12]: UEFI  A M I  len=72
0:376  0:000   - [13]: LPIT  A M I  len=92
0:376  0:000   - [14]: SSDT  TbtTypeC len=4094
0:376  0:000   - [15]: DBGP  A M I  len=52
0:376  0:000   - [16]: DBG2  A M I  len=84
0:376  0:000   - [17]: SSDT  UsbCTabl len=6449
0:376  0:000   - [18]: DMAR  EDK2     len=264
0:376  0:000   - [19]: BGRT  A M I  len=56
0:376  0:000   - [20]: WSMT  A M I  len=40
0:376  0:000  Calibrated TSC Frequency = 2808409460 = 2808MHz
0:376  0:000  === [ GetUserSettings ] ===================================
0:376  0:000  Add 2 devices:
0:376  0:000  USB FixOwnership: yes
0:376  0:000  Dropping 1 tables:
0:376  0:000   - [00]: Drop table  signature="DMAR" (52414D44)
0:376  0:000           - set table: 52414D44,                0 to drop: yes
0:376  0:000   - final DSDT Fix mask=00160055
0:376  0:000  PatchesDSDT: 6 requested
0:376  0:000   - [00]: (Rename EHC1 to EH01 (USB)) lenToFind: 4, lenToReplace: 4, Target Bridge: <null string>
0:376  0:000   - [01]: (Rename EHC2 to EH02 (USB)) lenToFind: 4, lenToReplace: 4, Target Bridge: <null string>
0:376  0:000   - [02]: (Rename XHCI to XHC (USB)) lenToFind: 4, lenToReplace: 4, Target Bridge: <null string>
0:376  0:000   - [03]: (Rename XHC1 to XHC (USB)) lenToFind: 4, lenToReplace: 4, Target Bridge: <null string>
0:376  0:000   - [04]: (Asrock 300Series RTC Bug Fix) lenToFind: 8, lenToReplace: 8, Target Bridge: <null string>
0:376  0:000   - [05]: (Rename EC0 to EC (USB Power)) lenToFind: 4, lenToReplace: 4, Target Bridge: <null string>
0:376  0:000  PluginType: 1
0:376  0:000  Using ProductName from config: Macmini8,1
0:376  0:000  Using latest BiosVersion from clover
0:376  0:000  BiosVersion: MM81.88Z.F000.B00.1907261958
0:376  0:000  BiosReleaseDate: 07/26/2019
0:376  0:000  Using latest EfiVersion from clover: 1037.0.39.151.1
0:376  0:000  Using FirmwareFeatures from config: 0xFC0FE137
0:376  0:000  Using FirmwareFeaturesMask from config: 0xFF1FFF3F
0:376  0:000  Board-ID set from config as Mac-7BA5B2DFE22DDD8C
0:376  0:000  BoardType: 0xA
0:376  0:000  ChassisType: 0x9
0:376  0:000  === [ Found DSDT tables ] =================================
0:387  0:010  === [ ScanVolumes ] =======================================
0:387  0:000  Found 10 volumes with blockIO
0:387  0:000  - [00]: Volume: PciRoot(0x0)\Pci(0x14,0x0)\USB(0x2,0x1)
0:387  0:000          Found optical drive
0:388  0:000  Detected name Smartisan
0:388  0:000          Result of bootcode detection: bootable unknown (legacy)
0:388  0:000  - [01]: Volume: PciRoot(0x0)\Pci(0x1,0x0)\Pci(0x0,0x0)\NVMe(0x1,1E-8F-B3-81-5B-38-25-00)
0:388  0:000  - [02]: Volume: PciRoot(0x0)\Pci(0x1,0x0)\Pci(0x0,0x0)\NVMe(0x1,1E-8F-B3-81-5B-38-25-00)\HD(1,GPT,582E85CA-71D6-4F76-B134-D4602EA23687,0x28,0x64000)
0:388  0:000          Result of bootcode detection: bootable unknown (legacy)
0:388  0:000          This is SelfVolume !!
0:388  0:000  - [03]: Volume: PciRoot(0x0)\Pci(0x1,0x0)\Pci(0x0,0x0)\NVMe(0x1,1E-8F-B3-81-5B-38-25-00)\HD(2,GPT,F774F67B-DB2D-4592-B113-B7C1B7379BCA,0x64028,0x1D121920)
0:388  0:000          Result of bootcode detection: bootable unknown (legacy)
0:388  0:000  - [04]: Volume: PciRoot(0x0)\Pci(0x14,0x0)\USB(0x1,0x1)
0:388  0:000          Found optical drive
0:390  0:002  Detected name APPLE COMPUTER, INC., TYPE: 00
0:390  0:000          Found AppleDVD
0:390  0:000          Result of bootcode detection: bootable unknown (mac)
0:390  0:000  - [05]: Volume: PciRoot(0x0)\Pci(0x1,0x0)\Pci(0x0,0x0)\NVMe(0x1,1E-8F-B3-81-5B-38-25-00)\HD(2,GPT,F774F67B-DB2D-4592-B113-B7C1B7379BCA,0x64028,0x1D121920)\VenMedia(BE74FCF7-0B7C-49F3-9147-01F4042E6842,540DB7F37D9D3142A2B3CAAE05B0555C)
0:391  0:000          hiding this volume
0:391  0:000  - [06]: Volume: PciRoot(0x0)\Pci(0x1,0x0)\Pci(0x0,0x0)\NVMe(0x1,1E-8F-B3-81-5B-38-25-00)\HD(2,GPT,F774F67B-DB2D-4592-B113-B7C1B7379BCA,0x64028,0x1D121920)\VenMedia(BE74FCF7-0B7C-49F3-9147-01F4042E6842,106ADF990F757A30B60C4A0E2DAC049B)
0:391  0:000  - [07]: Volume: PciRoot(0x0)\Pci(0x1,0x0)\Pci(0x0,0x0)\NVMe(0x1,1E-8F-B3-81-5B-38-25-00)\HD(2,GPT,F774F67B-DB2D-4592-B113-B7C1B7379BCA,0x64028,0x1D121920)\VenMedia(BE74FCF7-0B7C-49F3-9147-01F4042E6842,E429F32086C23B428CF8E8D41BF127B7)
0:391  0:000          hiding this volume
0:391  0:000  - [08]: Volume: PciRoot(0x0)\Pci(0x1,0x0)\Pci(0x0,0x0)\NVMe(0x1,1E-8F-B3-81-5B-38-25-00)\HD(2,GPT,F774F67B-DB2D-4592-B113-B7C1B7379BCA,0x64028,0x1D121920)\VenMedia(BE74FCF7-0B7C-49F3-9147-01F4042E6842,23B80A80F605AF4FA17CF920D5EEF2CD)
0:391  0:000  - [09]: Volume: PciRoot(0x0)\Pci(0x1,0x0)\Pci(0x0,0x0)\NVMe(0x1,1E-8F-B3-81-5B-38-25-00)\HD(2,GPT,F774F67B-DB2D-4592-B113-B7C1B7379BCA,0x64028,0x1D121920)\VenMedia(BE74FCF7-0B7C-49F3-9147-01F4042E6842,E6AC564555C5A543AAF135CAE6DF27A9)
0:391  0:000  PutNvramPlistToRtVars: nvram.plist not found
0:391  0:000  No AudioIoProtocols, status=Not Found
0:391  0:000  === [ InitTheme ] =========================================
0:391  0:000  use daylight theme
0:392  0:000  Using theme 'Catalina' (EFI\CLOVER\themes\Catalina)
0:392  0:000  OS main and drive as badge
0:392  0:000    Channels: 1  Sample rate: 44100 Hz  Bits: 16
0:392  0:000  output to channel 0 with volume 70, len=228736
0:392  0:000   sound channels=1 bits=16 freq=44100
0:392  0:000  not found AudioIo to play
0:392  0:000  free sound
0:392  0:000  sound play end with status=Not Found
0:393  0:000  Loading font from ThemeDir: Success
0:393  0:000  theme inited
0:393  0:000  Chosen theme Catalina
0:393  0:000  after NVRAM boot-args=dart=0 slide=0 darkwake=0 -disablegfxfirmware
0:393  0:000  === [ Dump SMC keys from NVRAM ] ==========================
0:393  0:000  found AppleSMC protocol
0:394  0:000  === [ ScanLoader ] ========================================
0:394  0:000  - [02]: 'EFI'
0:395  0:001          AddLoaderEntry for Volume Name=EFI
0:395  0:000          skipped because entry is hidden
0:395  0:000  - [05]: 'Preboot', hidden
0:395  0:000  - [06]: 'Macintosh HD - Data'
0:396  0:000  - [07]: 'Recovery', hidden
0:396  0:000  - [08]: 'VM'
0:396  0:000  - [09]: 'Macintosh HD'
0:399  0:003          AddLoaderEntry for Volume Name=Macintosh HD
0:400  0:001      Check if volume Is Hibernated:
0:400  0:000      Check sleep image 'by signature':
0:400  0:000      using default sleep image name = \private\var\vm\sleepimage
0:400  0:000      sleepimage not found -> Not Found
0:400  0:000      hibernated: no - sign
0:403  0:002  === [ AddCustomTool ] =====================================
0:404  0:000  found tool \EFI\CLOVER\tools\Shell64U.efi
0:404  0:000  Checking EFI partition Volume 2 for Clover
0:404  0:000   Found Clover
0:404  0:000  EmuVariable UninstallEmulation: CloseEvent = Success, original var services restored
0:405  0:000  EmuVariable InstallEmulation: orig vars copied, emu.var.services installed, CreateEvent VirtualAddressChange = Success, CreateEvent ExitBootServices = Success, set Status=Success
0:436  0:031  === [ GetEfiBootDeviceFromNvram ] =========================
0:436  0:000  Default boot entry not found
0:436  0:000  EmuVariable UninstallEmulation: CloseEvent = Success, original var services restored
0:436  0:000  DefaultIndex=-1 and MainMenu.EntryCount=7
0:610  0:173  GUI ready
